<?xml version="1.0" encoding="UTF-8"?>
<testsuite xmlns:xsi="http://www.w3.org/2001/XMLSchema-instance" xsi:schemaLocation="https://maven.apache.org/surefire/maven-surefire-plugin/xsd/surefire-test-report.xsd" name="TestSuite" time="0.771" tests="42" errors="0" skipped="41" failures="1">
  <properties>
    <property name="java.runtime.name" value="Java(TM) SE Runtime Environment"/>
    <property name="sun.boot.library.path" value="/Library/Java/JavaVirtualMachines/jdk1.8.0_121.jdk/Contents/Home/jre/lib"/>
    <property name="java.vm.version" value="25.121-b13"/>
    <property name="gopherProxySet" value="false"/>
    <property name="java.vm.vendor" value="Oracle Corporation"/>
    <property name="maven.multiModuleProjectDirectory" value="/Users/yevheniiberezan/Downloads/git/DemoQA"/>
    <property name="java.vendor.url" value="http://java.oracle.com/"/>
    <property name="path.separator" value=":"/>
    <property name="guice.disable.misplaced.annotation.check" value="true"/>
    <property name="java.vm.name" value="Java HotSpot(TM) 64-Bit Server VM"/>
    <property name="file.encoding.pkg" value="sun.io"/>
    <property name="user.country" value="US"/>
    <property name="sun.java.launcher" value="SUN_STANDARD"/>
    <property name="sun.os.patch.level" value="unknown"/>
    <property name="java.vm.specification.name" value="Java Virtual Machine Specification"/>
    <property name="user.dir" value="/Users/yevheniiberezan/Downloads/git/DemoQA"/>
    <property name="java.runtime.version" value="1.8.0_121-b13"/>
    <property name="java.awt.graphicsenv" value="sun.awt.CGraphicsEnvironment"/>
    <property name="java.endorsed.dirs" value="/Library/Java/JavaVirtualMachines/jdk1.8.0_121.jdk/Contents/Home/jre/lib/endorsed"/>
    <property name="os.arch" value="x86_64"/>
    <property name="java.io.tmpdir" value="/var/folders/wx/qmgfx4zs5wdg0d2rc7d8mxy00000gn/T/"/>
    <property name="line.separator" value="&#10;"/>
    <property name="java.vm.specification.vendor" value="Oracle Corporation"/>
    <property name="os.name" value="Mac OS X"/>
    <property name="classworlds.conf" value="/usr/local/Cellar/maven/3.3.9/libexec/bin/m2.conf"/>
    <property name="sun.jnu.encoding" value="UTF-8"/>
    <property name="java.library.path" value="/Users/yevheniiberezan/Library/Java/Extensions:/Library/Java/Extensions:/Network/Library/Java/Extensions:/System/Library/Java/Extensions:/usr/lib/java:."/>
    <property name="browserName" value="Firefox"/>
    <property name="java.specification.name" value="Java Platform API Specification"/>
    <property name="java.class.version" value="52.0"/>
    <property name="sun.management.compiler" value="HotSpot 64-Bit Tiered Compilers"/>
    <property name="os.version" value="10.12.3"/>
    <property name="http.nonProxyHosts" value="local|*.local|169.254/16|*.169.254/16"/>
    <property name="user.home" value="/Users/yevheniiberezan"/>
    <property name="user.timezone" value="Europe/Kiev"/>
    <property name="java.awt.printerjob" value="sun.lwawt.macosx.CPrinterJob"/>
    <property name="java.specification.version" value="1.8"/>
    <property name="file.encoding" value="UTF-8"/>
    <property name="user.name" value="yevheniiberezan"/>
    <property name="java.class.path" value="/usr/local/Cellar/maven/3.3.9/libexec/boot/plexus-classworlds-2.5.2.jar"/>
    <property name="org.slf4j.simpleLogger.defaultLogLevel" value="debug"/>
    <property name="java.vm.specification.version" value="1.8"/>
    <property name="sun.arch.data.model" value="64"/>
    <property name="java.home" value="/Library/Java/JavaVirtualMachines/jdk1.8.0_121.jdk/Contents/Home/jre"/>
    <property name="sun.java.command" value="org.codehaus.plexus.classworlds.launcher.Launcher install -X -DbrowserName=Firefox -Dtest_suite=Smoke"/>
    <property name="java.specification.vendor" value="Oracle Corporation"/>
    <property name="user.language" value="en"/>
    <property name="awt.toolkit" value="sun.lwawt.macosx.LWCToolkit"/>
    <property name="java.vm.info" value="mixed mode"/>
    <property name="java.version" value="1.8.0_121"/>
    <property name="java.ext.dirs" value="/Users/yevheniiberezan/Library/Java/Extensions:/Library/Java/JavaVirtualMachines/jdk1.8.0_121.jdk/Contents/Home/jre/lib/ext:/Library/Java/Extensions:/Network/Library/Java/Extensions:/System/Library/Java/Extensions:/usr/lib/java"/>
    <property name="sun.boot.class.path" value="/Library/Java/JavaVirtualMachines/jdk1.8.0_121.jdk/Contents/Home/jre/lib/resources.jar:/Library/Java/JavaVirtualMachines/jdk1.8.0_121.jdk/Contents/Home/jre/lib/rt.jar:/Library/Java/JavaVirtualMachines/jdk1.8.0_121.jdk/Contents/Home/jre/lib/sunrsasign.jar:/Library/Java/JavaVirtualMachines/jdk1.8.0_121.jdk/Contents/Home/jre/lib/jsse.jar:/Library/Java/JavaVirtualMachines/jdk1.8.0_121.jdk/Contents/Home/jre/lib/jce.jar:/Library/Java/JavaVirtualMachines/jdk1.8.0_121.jdk/Contents/Home/jre/lib/charsets.jar:/Library/Java/JavaVirtualMachines/jdk1.8.0_121.jdk/Contents/Home/jre/lib/jfr.jar:/Library/Java/JavaVirtualMachines/jdk1.8.0_121.jdk/Contents/Home/jre/classes"/>
    <property name="java.vendor" value="Oracle Corporation"/>
    <property name="maven.home" value="/usr/local/Cellar/maven/3.3.9/libexec"/>
    <property name="file.separator" value="/"/>
    <property name="java.vendor.url.bug" value="http://bugreport.sun.com/bugreport/"/>
    <property name="sun.cpu.endian" value="little"/>
    <property name="sun.io.unicode.encoding" value="UnicodeBig"/>
    <property name="test_suite" value="Smoke"/>
    <property name="socksNonProxyHosts" value="local|*.local|169.254/16|*.169.254/16"/>
    <property name="ftp.nonProxyHosts" value="local|*.local|169.254/16|*.169.254/16"/>
    <property name="sun.cpu.isalist" value=""/>
  </properties>
  <testcase name="setUp" classname="HomePageTests" time="0.632">
    <failure message="Unable to create new remote session. desired capabilities = Capabilities [{marionette=false, browserName=Firefox, version=, platform=LINUX}], required capabilities = Capabilities [{}]&#10;Build info: version: &apos;3.1.0&apos;, revision: &apos;b94c902&apos;, time: &apos;2017-02-16 12:21:31 -0800&apos;&#10;System info: host: &apos;Yevheniis-MBP&apos;, ip: &apos;fe80:0:0:0:149b:efe0:c7e5:50fa%en0&apos;, os.name: &apos;Mac OS X&apos;, os.arch: &apos;x86_64&apos;, os.version: &apos;10.12.3&apos;, java.version: &apos;1.8.0_121&apos;&#10;Driver info: driver.version: Driver" type="org.openqa.selenium.SessionNotCreatedException">org.openqa.selenium.SessionNotCreatedException: 
Unable to create new remote session. desired capabilities = Capabilities [{marionette=false, browserName=Firefox, version=, platform=LINUX}], required capabilities = Capabilities [{}]
Build info: version: '3.1.0', revision: 'b94c902', time: '2017-02-16 12:21:31 -0800'
System info: host: 'Yevheniis-MBP', ip: 'fe80:0:0:0:149b:efe0:c7e5:50fa%en0', os.name: 'Mac OS X', os.arch: 'x86_64', os.version: '10.12.3', java.version: '1.8.0_121'
Driver info: driver.version: Driver
</failure>
  </testcase>
  <testcase name="setUp" classname="HomePageTests" time="0">
    <skipped/>
  </testcase>
  <testcase name="setUp" classname="HomePageTests" time="0">
    <skipped/>
  </testcase>
  <testcase name="setUp" classname="HomePageTests" time="0">
    <skipped/>
  </testcase>
  <testcase name="setUp" classname="HomePageTests" time="0">
    <skipped/>
  </testcase>
  <testcase name="setUp" classname="HomePageTests" time="0">
    <skipped/>
  </testcase>
  <testcase name="setUp" classname="HomePageTests" time="0">
    <skipped/>
  </testcase>
  <testcase name="setUp" classname="HomePageTests" time="0">
    <skipped/>
  </testcase>
  <testcase name="setUp" classname="HomePageTests" time="0">
    <skipped/>
  </testcase>
  <testcase name="setUp" classname="HomePageTests" time="0">
    <skipped/>
  </testcase>
  <testcase name="setUp" classname="HomePageTests" time="0">
    <skipped/>
  </testcase>
  <testcase name="setUp" classname="HomePageTests" time="0">
    <skipped/>
  </testcase>
  <testcase name="setUp" classname="HomePageTests" time="0">
    <skipped/>
  </testcase>
  <testcase name="setUp" classname="HomePageTests" time="0">
    <skipped/>
  </testcase>
  <testcase name="Check_If_Home_Page_Available" classname="HomePageTests" time="0">
    <skipped message="Unable to create new remote session. desired capabilities = Capabilities [{marionette=false, browserName=Firefox, version=, platform=LINUX}], required capabilities = Capabilities [{}]&#10;Build info: version: &apos;3.1.0&apos;, revision: &apos;b94c902&apos;, time: &apos;2017-02-16 12:21:31 -0800&apos;&#10;System info: host: &apos;Yevheniis-MBP&apos;, ip: &apos;fe80:0:0:0:149b:efe0:c7e5:50fa%en0&apos;, os.name: &apos;Mac OS X&apos;, os.arch: &apos;x86_64&apos;, os.version: &apos;10.12.3&apos;, java.version: &apos;1.8.0_121&apos;&#10;Driver info: driver.version: Driver"/>
  </testcase>
  <testcase name="tearDown" classname="HomePageTests" time="0">
    <skipped/>
  </testcase>
  <testcase name="tearDown" classname="HomePageTests" time="0">
    <skipped/>
  </testcase>
  <testcase name="tearDown" classname="HomePageTests" time="0">
    <skipped/>
  </testcase>
  <testcase name="tearDown" classname="HomePageTests" time="0">
    <skipped/>
  </testcase>
  <testcase name="tearDown" classname="HomePageTests" time="0">
    <skipped/>
  </testcase>
  <testcase name="tearDown" classname="HomePageTests" time="0">
    <skipped/>
  </testcase>
  <testcase name="tearDown" classname="HomePageTests" time="0">
    <skipped/>
  </testcase>
  <testcase name="tearDown" classname="HomePageTests" time="0">
    <skipped/>
  </testcase>
  <testcase name="tearDown" classname="HomePageTests" time="0">
    <skipped/>
  </testcase>
  <testcase name="tearDown" classname="HomePageTests" time="0">
    <skipped/>
  </testcase>
  <testcase name="tearDown" classname="HomePageTests" time="0">
    <skipped/>
  </testcase>
  <testcase name="tearDown" classname="HomePageTests" time="0">
    <skipped/>
  </testcase>
  <testcase name="tearDown" classname="HomePageTests" time="0">
    <skipped/>
  </testcase>
  <testcase name="tearDown" classname="HomePageTests" time="0">
    <skipped/>
  </testcase>
  <testcase name="Check_If_Interaction_Draggable_Form_Available" classname="HomePageTests" time="0">
    <skipped message="Unable to create new remote session. desired capabilities = Capabilities [{marionette=false, browserName=Firefox, version=, platform=LINUX}], required capabilities = Capabilities [{}]&#10;Build info: version: &apos;3.1.0&apos;, revision: &apos;b94c902&apos;, time: &apos;2017-02-16 12:21:31 -0800&apos;&#10;System info: host: &apos;Yevheniis-MBP&apos;, ip: &apos;fe80:0:0:0:149b:efe0:c7e5:50fa%en0&apos;, os.name: &apos;Mac OS X&apos;, os.arch: &apos;x86_64&apos;, os.version: &apos;10.12.3&apos;, java.version: &apos;1.8.0_121&apos;&#10;Driver info: driver.version: Driver"/>
  </testcase>
  <testcase name="Check_If_Interaction_Droppable_Form_Available" classname="HomePageTests" time="0">
    <skipped message="Unable to create new remote session. desired capabilities = Capabilities [{marionette=false, browserName=Firefox, version=, platform=LINUX}], required capabilities = Capabilities [{}]&#10;Build info: version: &apos;3.1.0&apos;, revision: &apos;b94c902&apos;, time: &apos;2017-02-16 12:21:31 -0800&apos;&#10;System info: host: &apos;Yevheniis-MBP&apos;, ip: &apos;fe80:0:0:0:149b:efe0:c7e5:50fa%en0&apos;, os.name: &apos;Mac OS X&apos;, os.arch: &apos;x86_64&apos;, os.version: &apos;10.12.3&apos;, java.version: &apos;1.8.0_121&apos;&#10;Driver info: driver.version: Driver"/>
  </testcase>
  <testcase name="Check_If_Interaction_Resizable_Form_Available" classname="HomePageTests" time="0">
    <skipped message="Unable to create new remote session. desired capabilities = Capabilities [{marionette=false, browserName=Firefox, version=, platform=LINUX}], required capabilities = Capabilities [{}]&#10;Build info: version: &apos;3.1.0&apos;, revision: &apos;b94c902&apos;, time: &apos;2017-02-16 12:21:31 -0800&apos;&#10;System info: host: &apos;Yevheniis-MBP&apos;, ip: &apos;fe80:0:0:0:149b:efe0:c7e5:50fa%en0&apos;, os.name: &apos;Mac OS X&apos;, os.arch: &apos;x86_64&apos;, os.version: &apos;10.12.3&apos;, java.version: &apos;1.8.0_121&apos;&#10;Driver info: driver.version: Driver"/>
  </testcase>
  <testcase name="Check_If_Interaction_Selectable_Form_Available" classname="HomePageTests" time="0">
    <skipped message="Unable to create new remote session. desired capabilities = Capabilities [{marionette=false, browserName=Firefox, version=, platform=LINUX}], required capabilities = Capabilities [{}]&#10;Build info: version: &apos;3.1.0&apos;, revision: &apos;b94c902&apos;, time: &apos;2017-02-16 12:21:31 -0800&apos;&#10;System info: host: &apos;Yevheniis-MBP&apos;, ip: &apos;fe80:0:0:0:149b:efe0:c7e5:50fa%en0&apos;, os.name: &apos;Mac OS X&apos;, os.arch: &apos;x86_64&apos;, os.version: &apos;10.12.3&apos;, java.version: &apos;1.8.0_121&apos;&#10;Driver info: driver.version: Driver"/>
  </testcase>
  <testcase name="Check_If_Interaction_Sortable_Form_Available" classname="HomePageTests" time="0">
    <skipped message="Unable to create new remote session. desired capabilities = Capabilities [{marionette=false, browserName=Firefox, version=, platform=LINUX}], required capabilities = Capabilities [{}]&#10;Build info: version: &apos;3.1.0&apos;, revision: &apos;b94c902&apos;, time: &apos;2017-02-16 12:21:31 -0800&apos;&#10;System info: host: &apos;Yevheniis-MBP&apos;, ip: &apos;fe80:0:0:0:149b:efe0:c7e5:50fa%en0&apos;, os.name: &apos;Mac OS X&apos;, os.arch: &apos;x86_64&apos;, os.version: &apos;10.12.3&apos;, java.version: &apos;1.8.0_121&apos;&#10;Driver info: driver.version: Driver"/>
  </testcase>
  <testcase name="Check_If_Registration_Form_Available" classname="HomePageTests" time="0">
    <skipped message="Unable to create new remote session. desired capabilities = Capabilities [{marionette=false, browserName=Firefox, version=, platform=LINUX}], required capabilities = Capabilities [{}]&#10;Build info: version: &apos;3.1.0&apos;, revision: &apos;b94c902&apos;, time: &apos;2017-02-16 12:21:31 -0800&apos;&#10;System info: host: &apos;Yevheniis-MBP&apos;, ip: &apos;fe80:0:0:0:149b:efe0:c7e5:50fa%en0&apos;, os.name: &apos;Mac OS X&apos;, os.arch: &apos;x86_64&apos;, os.version: &apos;10.12.3&apos;, java.version: &apos;1.8.0_121&apos;&#10;Driver info: driver.version: Driver"/>
  </testcase>
  <testcase name="Check_If_Widget_Accordion_Form_Available" classname="HomePageTests" time="0">
    <skipped message="Unable to create new remote session. desired capabilities = Capabilities [{marionette=false, browserName=Firefox, version=, platform=LINUX}], required capabilities = Capabilities [{}]&#10;Build info: version: &apos;3.1.0&apos;, revision: &apos;b94c902&apos;, time: &apos;2017-02-16 12:21:31 -0800&apos;&#10;System info: host: &apos;Yevheniis-MBP&apos;, ip: &apos;fe80:0:0:0:149b:efe0:c7e5:50fa%en0&apos;, os.name: &apos;Mac OS X&apos;, os.arch: &apos;x86_64&apos;, os.version: &apos;10.12.3&apos;, java.version: &apos;1.8.0_121&apos;&#10;Driver info: driver.version: Driver"/>
  </testcase>
  <testcase name="Check_If_Widget_Autocomplete_Form_Available" classname="HomePageTests" time="0">
    <skipped message="Unable to create new remote session. desired capabilities = Capabilities [{marionette=false, browserName=Firefox, version=, platform=LINUX}], required capabilities = Capabilities [{}]&#10;Build info: version: &apos;3.1.0&apos;, revision: &apos;b94c902&apos;, time: &apos;2017-02-16 12:21:31 -0800&apos;&#10;System info: host: &apos;Yevheniis-MBP&apos;, ip: &apos;fe80:0:0:0:149b:efe0:c7e5:50fa%en0&apos;, os.name: &apos;Mac OS X&apos;, os.arch: &apos;x86_64&apos;, os.version: &apos;10.12.3&apos;, java.version: &apos;1.8.0_121&apos;&#10;Driver info: driver.version: Driver"/>
  </testcase>
  <testcase name="Check_If_Widget_Datepicker_Form_Available" classname="HomePageTests" time="0">
    <skipped message="Unable to create new remote session. desired capabilities = Capabilities [{marionette=false, browserName=Firefox, version=, platform=LINUX}], required capabilities = Capabilities [{}]&#10;Build info: version: &apos;3.1.0&apos;, revision: &apos;b94c902&apos;, time: &apos;2017-02-16 12:21:31 -0800&apos;&#10;System info: host: &apos;Yevheniis-MBP&apos;, ip: &apos;fe80:0:0:0:149b:efe0:c7e5:50fa%en0&apos;, os.name: &apos;Mac OS X&apos;, os.arch: &apos;x86_64&apos;, os.version: &apos;10.12.3&apos;, java.version: &apos;1.8.0_121&apos;&#10;Driver info: driver.version: Driver"/>
  </testcase>
  <testcase name="Check_If_Widget_Menu_Form_Available" classname="HomePageTests" time="0">
    <skipped message="Unable to create new remote session. desired capabilities = Capabilities [{marionette=false, browserName=Firefox, version=, platform=LINUX}], required capabilities = Capabilities [{}]&#10;Build info: version: &apos;3.1.0&apos;, revision: &apos;b94c902&apos;, time: &apos;2017-02-16 12:21:31 -0800&apos;&#10;System info: host: &apos;Yevheniis-MBP&apos;, ip: &apos;fe80:0:0:0:149b:efe0:c7e5:50fa%en0&apos;, os.name: &apos;Mac OS X&apos;, os.arch: &apos;x86_64&apos;, os.version: &apos;10.12.3&apos;, java.version: &apos;1.8.0_121&apos;&#10;Driver info: driver.version: Driver"/>
  </testcase>
  <testcase name="Check_If_Widget_Slider_Form_Available" classname="HomePageTests" time="0">
    <skipped message="Unable to create new remote session. desired capabilities = Capabilities [{marionette=false, browserName=Firefox, version=, platform=LINUX}], required capabilities = Capabilities [{}]&#10;Build info: version: &apos;3.1.0&apos;, revision: &apos;b94c902&apos;, time: &apos;2017-02-16 12:21:31 -0800&apos;&#10;System info: host: &apos;Yevheniis-MBP&apos;, ip: &apos;fe80:0:0:0:149b:efe0:c7e5:50fa%en0&apos;, os.name: &apos;Mac OS X&apos;, os.arch: &apos;x86_64&apos;, os.version: &apos;10.12.3&apos;, java.version: &apos;1.8.0_121&apos;&#10;Driver info: driver.version: Driver"/>
  </testcase>
  <testcase name="Check_If_Widget_Tabs_Form_Available" classname="HomePageTests" time="0">
    <skipped message="Unable to create new remote session. desired capabilities = Capabilities [{marionette=false, browserName=Firefox, version=, platform=LINUX}], required capabilities = Capabilities [{}]&#10;Build info: version: &apos;3.1.0&apos;, revision: &apos;b94c902&apos;, time: &apos;2017-02-16 12:21:31 -0800&apos;&#10;System info: host: &apos;Yevheniis-MBP&apos;, ip: &apos;fe80:0:0:0:149b:efe0:c7e5:50fa%en0&apos;, os.name: &apos;Mac OS X&apos;, os.arch: &apos;x86_64&apos;, os.version: &apos;10.12.3&apos;, java.version: &apos;1.8.0_121&apos;&#10;Driver info: driver.version: Driver"/>
  </testcase>
  <testcase name="Check_If_Widget_Tooltip_Form_Available" classname="HomePageTests" time="0">
    <skipped message="Unable to create new remote session. desired capabilities = Capabilities [{marionette=false, browserName=Firefox, version=, platform=LINUX}], required capabilities = Capabilities [{}]&#10;Build info: version: &apos;3.1.0&apos;, revision: &apos;b94c902&apos;, time: &apos;2017-02-16 12:21:31 -0800&apos;&#10;System info: host: &apos;Yevheniis-MBP&apos;, ip: &apos;fe80:0:0:0:149b:efe0:c7e5:50fa%en0&apos;, os.name: &apos;Mac OS X&apos;, os.arch: &apos;x86_64&apos;, os.version: &apos;10.12.3&apos;, java.version: &apos;1.8.0_121&apos;&#10;Driver info: driver.version: Driver"/>
  </testcase>
</testsuite>